Removed Pin From Net: NetName=GND Pin=U3-11
Removed Pin From Net: NetName=NetC3_1 Pin=U5-1
Removed Pin From Net: NetName=P00 Pin=U5-2
Removed Pin From Net: NetName=P01 Pin=U5-3
Removed Pin From Net: NetName=NetC6_2 Pin=U5-6
Removed Pin From Net: NetName=SCL Pin=U5-7
Removed Pin From Net: NetName=SDA Pin=U5-8
Removed Pin From Net: NetName=LED Pin=U5-10
Removed Pin From Net: NetName=NetQ3_1 Pin=U5-12
Removed Pin From Net: NetName=3V3 Pin=U5-13
Removed Pin From Net: NetName=NetJ3_5 Pin=U5-14
Removed Pin From Net: NetName=NetJ3_8 Pin=U5-15
Removed Pin From Net: NetName=NetJ3_7 Pin=U5-16
Removed Pin From Net: NetName=NetJ3_10 Pin=U5-17
Removed Pin From Net: NetName=NetJ3_9 Pin=U5-18
Removed Pin From Net: NetName=OS Pin=U5-20
Removed Pin From Net: NetName=SWO Pin=U5-21
Removed Pin From Net: NetName=\R\E\S\E\T\ Pin=U5-24
Removed Pin From Net: NetName=SWDCLK Pin=U5-25
Removed Pin From Net: NetName=SWDIO Pin=U5-26
Removed Pin From Net: NetName=NetC14_2 Pin=U5-30
Removed Pin From Net: NetName=GND Pin=U5-31
Removed Pin From Net: NetName=NetC4_1 Pin=U5-32
Removed Pin From Net: NetName=NetC17_1 Pin=U5-33
Removed Pin From Net: NetName=NetC15_1 Pin=U5-34
Removed Pin From Net: NetName=NetC16_1 Pin=U5-35
Removed Pin From Net: NetName=3V3 Pin=U5-36
Removed Pin From Net: NetName=NetJ3_6 Pin=U5-37
Removed Pin From Net: NetName=TXO Pin=U5-38
Removed Pin From Net: NetName=RXI Pin=U5-39
Removed Pin From Net: NetName=NetJ3_4 Pin=U5-40
Removed Pin From Net: NetName=GND Pin=U5-45
Removed Pin From Net: NetName=DEC4 Pin=U5-46
Removed Pin From Net: NetName=NetL5_2 Pin=U5-47
Removed Pin From Net: NetName=3V3 Pin=U5-48
Removed Pin From Net: NetName=GND Pin=U5-49
Added Component: Designator=U2(PCBComponent_1)
Add component. Clean all parameters for all variants
Add component (AddParameter): Name = "Datasheet URL"; Value = "http://infocenter.nordicsemi.com/pdf/nRF52832_PS_v1.0.pdf"; VariantName = "[No Variations]"
Add component (AddParameter): Name = "Datasheet Version"; Value = "Rev. 1.0, 02/2016"; VariantName = "[No Variations]"
Add component (AddParameter): Name = "Frequency"; Value = "2.4GHz"; VariantName = "[No Variations]"
Add component (AddParameter): Name = "Lead Free"; Value = "LeadFree"; VariantName = "[No Variations]"
Add component (AddParameter): Name = "Manufacturer"; Value = "Nordic Semiconductor"; VariantName = "[No Variations]"
Add component (AddParameter): Name = "Manufacturer URL"; Value = "http://www.nordicsemi.com/eng/Products/"; VariantName = "[No Variations]"
Add component (AddParameter): Name = "Max Frequency"; Value = "2.4GHz"; VariantName = "[No Variations]"
Add component (AddParameter): Name = "Max Operating Temperature"; Value = "85degC"; VariantName = "[No Variations]"
Add component (AddParameter): Name = "Min Operating Temperature"; Value = "-40degC"; VariantName = "[No Variations]"
Add component (AddParameter): Name = "Mount"; Value = "SurfaceMount"; VariantName = "[No Variations]"
Add component (AddParameter): Name = "Package Description"; Value = "48-Pin Quad Flat No-lead Package, Body 6 x 6 mm, Pitch 0.4 mm, Thermal Pad 4.6 x 4.6 mm"; VariantName = "[No Variations]"
Add component (AddParameter): Name = "Package Reference"; Value = "QF-48"; VariantName = "[No Variations]"
Add component (AddParameter): Name = "Packaging"; Value = "TapeandReel"; VariantName = "[No Variations]"
Add component (AddParameter): Name = "RoHSCompliant"; Value = "true"; VariantName = "[No Variations]"
Added Pin To Net: NetName=NetC3_1 Pin=U2-1
Added Pin To Net: NetName=P00 Pin=U2-2
Added Pin To Net: NetName=P01 Pin=U2-3
Added Pin To Net: NetName=NetC6_2 Pin=U2-6
Added Pin To Net: NetName=SCL Pin=U2-7
Added Pin To Net: NetName=SDA Pin=U2-8
Added Pin To Net: NetName=LED Pin=U2-10
Added Pin To Net: NetName=NetQ3_1 Pin=U2-12
Added Pin To Net: NetName=3V3 Pin=U2-13
Added Pin To Net: NetName=NetJ3_5 Pin=U2-14
Added Pin To Net: NetName=NetJ3_8 Pin=U2-15
Added Pin To Net: NetName=NetJ3_7 Pin=U2-16
Added Pin To Net: NetName=NetJ3_10 Pin=U2-17
Added Pin To Net: NetName=NetJ3_9 Pin=U2-18
Added Pin To Net: NetName=OS Pin=U2-20
Added Pin To Net: NetName=SWO Pin=U2-21
Added Pin To Net: NetName=\R\E\S\E\T\ Pin=U2-24
Added Pin To Net: NetName=SWDCLK Pin=U2-25
Added Pin To Net: NetName=SWDIO Pin=U2-26
Added Pin To Net: NetName=NetC14_2 Pin=U2-30
Added Pin To Net: NetName=GND Pin=U2-31
Added Pin To Net: NetName=NetC4_1 Pin=U2-32
Added Pin To Net: NetName=NetC17_1 Pin=U2-33
Added Pin To Net: NetName=NetC15_1 Pin=U2-34
Added Pin To Net: NetName=NetC16_1 Pin=U2-35
Added Pin To Net: NetName=3V3 Pin=U2-36
Added Pin To Net: NetName=NetJ3_6 Pin=U2-37
Added Pin To Net: NetName=TXO Pin=U2-38
Added Pin To Net: NetName=RXI Pin=U2-39
Added Pin To Net: NetName=NetJ3_4 Pin=U2-40
Added Pin To Net: NetName=GND Pin=U2-45
Added Pin To Net: NetName=DEC4 Pin=U2-46
Added Pin To Net: NetName=NetL5_2 Pin=U2-47
Added Pin To Net: NetName=3V3 Pin=U2-48
Added Pin To Net: NetName=GND Pin=U2-49
Added Member To Class: ClassName=MCU Member=Component U2 NRF52832-QFAA-R
